<?xml version="1.0" encoding="UTF-8"?>
<!-- Generated by org.testng.reporters.JUnitXMLReporter -->
<testsuite hostname="Georgis-iMac.local" name="BambooSparkAndroid" tests="19" failures="0" timestamp="20 Sep 2016 12:33:00 GMT" time="0.167" errors="0">
  <testcase name="@BeforeMethod StartBambooSpark" time="0.0" classname="BambooSparkFunctionalTests.BambooSparkFunctionalTests">
    <failure type="org.testng.TestNGException" message="
Parameter &amp;apos;Device&amp;apos; is required by @Configuration on method StartBambooSpark but has not been marked @Optional or defined
in /Users/nenko/Documents/WacomTestingProjects/BamooSparkTests/BambooSparkIOSPhoneTests.xml">
      <![CDATA[org.testng.TestNGException: 
Parameter 'Device' is required by @Configuration on method StartBambooSpark but has not been marked @Optional or defined
in /Users/nenko/Documents/WacomTestingProjects/BamooSparkTests/BambooSparkIOSPhoneTests.xml
... Removed 24 stack frames]]>
    </failure>
  </testcase> <!-- @BeforeMethod StartBambooSpark -->
  <testcase name="@AfterMethod CloseBambooSpark" time="0.0" classname="BambooSparkFunctionalTests.BambooSparkFunctionalTests">
    <skipped/>
  </testcase> <!-- @AfterMethod CloseBambooSpark -->
  <testcase name="@BeforeMethod StartBambooSpark" time="0.0" classname="BambooSparkFunctionalTests.BambooSparkFunctionalTests">
    <skipped/>
  </testcase> <!-- @BeforeMethod StartBambooSpark -->
  <testcase name="@AfterMethod CloseBambooSpark" time="0.0" classname="BambooSparkFunctionalTests.BambooSparkFunctionalTests">
    <skipped/>
  </testcase> <!-- @AfterMethod CloseBambooSpark -->
  <testcase name="@BeforeMethod StartBambooSpark" time="0.0" classname="BambooSparkFunctionalTests.BambooSparkFunctionalTests">
    <skipped/>
  </testcase> <!-- @BeforeMethod StartBambooSpark -->
  <testcase name="@AfterMethod CloseBambooSpark" time="0.0" classname="BambooSparkFunctionalTests.BambooSparkFunctionalTests">
    <skipped/>
  </testcase> <!-- @AfterMethod CloseBambooSpark -->
  <testcase name="@BeforeMethod StartBambooSpark" time="0.0" classname="BambooSparkFunctionalTests.BambooSparkFunctionalTests">
    <skipped/>
  </testcase> <!-- @BeforeMethod StartBambooSpark -->
  <testcase name="@AfterMethod CloseBambooSpark" time="0.0" classname="BambooSparkFunctionalTests.BambooSparkFunctionalTests">
    <skipped/>
  </testcase> <!-- @AfterMethod CloseBambooSpark -->
  <testcase name="@BeforeMethod StartBambooSpark" time="0.0" classname="BambooSparkFunctionalTests.BambooSparkFunctionalTests">
    <skipped/>
  </testcase> <!-- @BeforeMethod StartBambooSpark -->
  <testcase name="@AfterMethod CloseBambooSpark" time="0.0" classname="BambooSparkFunctionalTests.BambooSparkFunctionalTests">
    <skipped/>
  </testcase> <!-- @AfterMethod CloseBambooSpark -->
  <testcase name="@BeforeMethod StartBambooSpark" time="0.0" classname="BambooSparkFunctionalTests.BambooSparkFunctionalTests">
    <skipped/>
  </testcase> <!-- @BeforeMethod StartBambooSpark -->
  <testcase name="@AfterMethod CloseBambooSpark" time="0.0" classname="BambooSparkFunctionalTests.BambooSparkFunctionalTests">
    <skipped/>
  </testcase> <!-- @AfterMethod CloseBambooSpark -->
  <testcase name="@BeforeMethod StartBambooSpark" time="0.0" classname="BambooSparkFunctionalTests.BambooSparkFunctionalTests">
    <skipped/>
  </testcase> <!-- @BeforeMethod StartBambooSpark -->
  <testcase name="@AfterMethod CloseBambooSpark" time="0.0" classname="BambooSparkFunctionalTests.BambooSparkFunctionalTests">
    <skipped/>
  </testcase> <!-- @AfterMethod CloseBambooSpark -->
  <testcase name="@BeforeMethod StartBambooSpark" time="0.0" classname="BambooSparkFunctionalTests.BambooSparkFunctionalTests">
    <skipped/>
  </testcase> <!-- @BeforeMethod StartBambooSpark -->
  <testcase name="@AfterMethod CloseBambooSpark" time="0.0" classname="BambooSparkFunctionalTests.BambooSparkFunctionalTests">
    <skipped/>
  </testcase> <!-- @AfterMethod CloseBambooSpark -->
  <testcase name="@BeforeMethod StartBambooSpark" time="0.0" classname="BambooSparkFunctionalTests.BambooSparkFunctionalTests">
    <skipped/>
  </testcase> <!-- @BeforeMethod StartBambooSpark -->
  <testcase name="@AfterMethod CloseBambooSpark" time="0.0" classname="BambooSparkFunctionalTests.BambooSparkFunctionalTests">
    <skipped/>
  </testcase> <!-- @AfterMethod CloseBambooSpark -->
  <testcase name="@BeforeMethod StartBambooSpark" time="0.0" classname="BambooSparkFunctionalTests.BambooSparkFunctionalTests">
    <skipped/>
  </testcase> <!-- @BeforeMethod StartBambooSpark -->
  <testcase name="@AfterMethod CloseBambooSpark" time="0.0" classname="BambooSparkFunctionalTests.BambooSparkFunctionalTests">
    <skipped/>
  </testcase> <!-- @AfterMethod CloseBambooSpark -->
  <testcase name="@BeforeMethod StartBambooSpark" time="0.0" classname="BambooSparkFunctionalTests.BambooSparkFunctionalTests">
    <skipped/>
  </testcase> <!-- @BeforeMethod StartBambooSpark -->
  <testcase name="@AfterMethod CloseBambooSpark" time="0.0" classname="BambooSparkFunctionalTests.BambooSparkFunctionalTests">
    <skipped/>
  </testcase> <!-- @AfterMethod CloseBambooSpark -->
  <testcase name="@BeforeMethod StartBambooSpark" time="0.0" classname="BambooSparkFunctionalTests.BambooSparkFunctionalTests">
    <skipped/>
  </testcase> <!-- @BeforeMethod StartBambooSpark -->
  <testcase name="@AfterMethod CloseBambooSpark" time="0.0" classname="BambooSparkFunctionalTests.BambooSparkFunctionalTests">
    <skipped/>
  </testcase> <!-- @AfterMethod CloseBambooSpark -->
  <testcase name="@BeforeMethod StartBambooSpark" time="0.0" classname="BambooSparkFunctionalTests.BambooSparkFunctionalTests">
    <skipped/>
  </testcase> <!-- @BeforeMethod StartBambooSpark -->
  <testcase name="@AfterMethod CloseBambooSpark" time="0.0" classname="BambooSparkFunctionalTests.BambooSparkFunctionalTests">
    <skipped/>
  </testcase> <!-- @AfterMethod CloseBambooSpark -->
  <testcase name="@BeforeMethod StartBambooSpark" time="0.0" classname="BambooSparkFunctionalTests.BambooSparkFunctionalTests">
    <skipped/>
  </testcase> <!-- @BeforeMethod StartBambooSpark -->
  <testcase name="@AfterMethod CloseBambooSpark" time="0.0" classname="BambooSparkFunctionalTests.BambooSparkFunctionalTests">
    <skipped/>
  </testcase> <!-- @AfterMethod CloseBambooSpark -->
  <testcase name="@BeforeMethod StartBambooSpark" time="0.0" classname="BambooSparkFunctionalTests.BambooSparkFunctionalTests">
    <skipped/>
  </testcase> <!-- @BeforeMethod StartBambooSpark -->
  <testcase name="@AfterMethod CloseBambooSpark" time="0.0" classname="BambooSparkFunctionalTests.BambooSparkFunctionalTests">
    <skipped/>
  </testcase> <!-- @AfterMethod CloseBambooSpark -->
  <testcase name="@BeforeMethod StartBambooSpark" time="0.0" classname="BambooSparkFunctionalTests.BambooSparkFunctionalTests">
    <skipped/>
  </testcase> <!-- @BeforeMethod StartBambooSpark -->
  <testcase name="@AfterMethod CloseBambooSpark" time="0.0" classname="BambooSparkFunctionalTests.BambooSparkFunctionalTests">
    <skipped/>
  </testcase> <!-- @AfterMethod CloseBambooSpark -->
  <testcase name="@BeforeMethod StartBambooSpark" time="0.0" classname="BambooSparkFunctionalTests.BambooSparkFunctionalTests">
    <skipped/>
  </testcase> <!-- @BeforeMethod StartBambooSpark -->
  <testcase name="@AfterMethod CloseBambooSpark" time="0.0" classname="BambooSparkFunctionalTests.BambooSparkFunctionalTests">
    <skipped/>
  </testcase> <!-- @AfterMethod CloseBambooSpark -->
  <testcase name="@BeforeMethod StartBambooSpark" time="0.0" classname="BambooSparkFunctionalTests.BambooSparkFunctionalTests">
    <skipped/>
  </testcase> <!-- @BeforeMethod StartBambooSpark -->
  <testcase name="@AfterMethod CloseBambooSpark" time="0.0" classname="BambooSparkFunctionalTests.BambooSparkFunctionalTests">
    <skipped/>
  </testcase> <!-- @AfterMethod CloseBambooSpark -->
  <testcase name="@BeforeMethod StartBambooSpark" time="0.002" classname="BambooSparkFunctionalTests.BambooSparkFunctionalTests">
    <skipped/>
  </testcase> <!-- @BeforeMethod StartBambooSpark -->
  <testcase name="@AfterMethod CloseBambooSpark" time="0.0" classname="BambooSparkFunctionalTests.BambooSparkFunctionalTests">
    <skipped/>
  </testcase> <!-- @AfterMethod CloseBambooSpark -->
  <testcase name="assertErrorMessageIsAppearingAfterMergeOnNotesWithDifferentOrientation" time="0.006" classname="BambooSparkFunctionalTests.BambooSparkFunctionalTests">
    <skipped/>
  </testcase> <!-- assertErrorMessageIsAppearingAfterMergeOnNotesWithDifferentOrientation -->
  <testcase name="assertThatThereIsANoteOnTheHomePage" time="0.001" classname="BambooSparkFunctionalTests.BambooSparkFunctionalTests">
    <skipped/>
  </testcase> <!-- assertThatThereIsANoteOnTheHomePage -->
  <testcase name="deleteNote" time="0.001" classname="BambooSparkFunctionalTests.BambooSparkFunctionalTests">
    <skipped/>
  </testcase> <!-- deleteNote -->
  <testcase name="deleteTwoNotes" time="0.001" classname="BambooSparkFunctionalTests.BambooSparkFunctionalTests">
    <skipped/>
  </testcase> <!-- deleteTwoNotes -->
  <testcase name="drawingAndErasing" time="0.003" classname="BambooSparkFunctionalTests.BambooSparkFunctionalTests">
    <skipped/>
  </testcase> <!-- drawingAndErasing -->
  <testcase name="mergeTwoNotes" time="0.001" classname="BambooSparkFunctionalTests.BambooSparkFunctionalTests">
    <skipped/>
  </testcase> <!-- mergeTwoNotes -->
  <testcase name="noteRotation" time="0.0" classname="BambooSparkFunctionalTests.BambooSparkFunctionalTests">
    <skipped/>
  </testcase> <!-- noteRotation -->
  <testcase name="redo" time="0.001" classname="BambooSparkFunctionalTests.BambooSparkFunctionalTests">
    <skipped/>
  </testcase> <!-- redo -->
  <testcase name="rotateNoteInMergePage" time="0.002" classname="BambooSparkFunctionalTests.BambooSparkFunctionalTests">
    <skipped/>
  </testcase> <!-- rotateNoteInMergePage -->
  <testcase name="split" time="0.0" classname="BambooSparkFunctionalTests.BambooSparkFunctionalTests">
    <skipped/>
  </testcase> <!-- split -->
  <testcase name="verifyAboutPage" time="0.0" classname="BambooSparkFunctionalTests.BambooSparkFunctionalTests">
    <skipped/>
  </testcase> <!-- verifyAboutPage -->
  <testcase name="verifyAccessoriesPage" time="0.001" classname="BambooSparkFunctionalTests.BambooSparkFunctionalTests">
    <skipped/>
  </testcase> <!-- verifyAccessoriesPage -->
  <testcase name="verifyExportOptionsAreDisplayedInMergeScreen" time="0.001" classname="BambooSparkFunctionalTests.BambooSparkFunctionalTests">
    <skipped/>
  </testcase> <!-- verifyExportOptionsAreDisplayedInMergeScreen -->
  <testcase name="verifyExportOptionsAreVisible" time="0.002" classname="BambooSparkFunctionalTests.BambooSparkFunctionalTests">
    <skipped/>
  </testcase> <!-- verifyExportOptionsAreVisible -->
  <testcase name="verifyHelpScreen" time="0.001" classname="BambooSparkFunctionalTests.BambooSparkFunctionalTests">
    <skipped/>
  </testcase> <!-- verifyHelpScreen -->
  <testcase name="verifyInkspaceScreen" time="0.006" classname="BambooSparkFunctionalTests.BambooSparkFunctionalTests">
    <skipped/>
  </testcase> <!-- verifyInkspaceScreen -->
  <testcase name="verifyOtherAppsScreen" time="0.003" classname="BambooSparkFunctionalTests.BambooSparkFunctionalTests">
    <skipped/>
  </testcase> <!-- verifyOtherAppsScreen -->
  <testcase name="verifySelectAndSettingsOptionsAreVisibleOnTheHomePage" time="0.001" classname="BambooSparkFunctionalTests.BambooSparkFunctionalTests">
    <skipped/>
  </testcase> <!-- verifySelectAndSettingsOptionsAreVisibleOnTheHomePage -->
  <testcase name="verifySettingsOptionsAreDisplayed" time="0.0" classname="BambooSparkFunctionalTests.BambooSparkFunctionalTests">
    <skipped/>
  </testcase> <!-- verifySettingsOptionsAreDisplayed -->
</testsuite> <!-- BambooSparkAndroid -->
